\BOOKMARK [0][-]{section*.1}{DALock: Password Distribution-Aware Throttling}{}% 1
\BOOKMARK [1][-]{section.1}{1 Introduction}{section*.1}% 2
\BOOKMARK [1][-]{section.2}{2 Related Work and Background}{section*.1}% 3
\BOOKMARK [2][-]{subsection.2.1}{2.1 Authentication Throttling}{section.2}% 4
\BOOKMARK [2][-]{subsection.2.2}{2.2 Passwords}{section.2}% 5
\BOOKMARK [2][-]{subsection.2.3}{2.3 Eliminating Dictionary Attacks}{section.2}% 6
\BOOKMARK [1][-]{section.3}{3 Preliminaries}{section*.1}% 7
\BOOKMARK [2][-]{subsection.3.1}{3.1 Notation Summary}{section.3}% 8
\BOOKMARK [2][-]{subsection.3.2}{3.2 Count Sketch}{section.3}% 9
\BOOKMARK [2][-]{subsection.3.3}{3.3 Differential Privacy}{section.3}% 10
\BOOKMARK [1][-]{section.4}{4 The DALock Mechanism}{section*.1}% 11
\BOOKMARK [2][-]{subsection.4.1}{4.1 DALock}{section.4}% 12
\BOOKMARK [2][-]{subsection.4.2}{4.2 DALock Authentication Server}{section.4}% 13
\BOOKMARK [1][-]{section.5}{5 Experimental Design}{section*.1}% 14
\BOOKMARK [2][-]{subsection.5.1}{5.1 Experimental Datasets}{section.5}% 15
\BOOKMARK [2][-]{subsection.5.2}{5.2 Modeling Users}{section.5}% 16
\BOOKMARK [3][-]{subsubsection.5.2.1}{5.2.1 Simulating Users\220 Password Choices}{subsection.5.2}% 17
\BOOKMARK [3][-]{subsubsection.5.2.2}{5.2.2 Simulating User's Login Patterns}{subsection.5.2}% 18
\BOOKMARK [3][-]{subsubsection.5.2.3}{5.2.3 Simulating Users' Mistakes}{subsection.5.2}% 19
\BOOKMARK [2][-]{subsection.5.3}{5.3 Modeling the Authentication Server}{section.5}% 20
\BOOKMARK [3][-]{subsubsection.5.3.1}{5.3.1 Differentially Private Count Sketch Estimator}{subsection.5.3}% 21
\BOOKMARK [3][-]{subsubsection.5.3.2}{5.3.2 Frequency Oracle from Password Models}{subsection.5.3}% 22
\BOOKMARK [2][-]{subsection.5.4}{5.4 Modeling the Attacker}{section.5}% 23
\BOOKMARK [1][-]{section.6}{6 Experimental Results}{section*.1}% 24
\BOOKMARK [2][-]{subsection.6.1}{6.1 Usability/Security Tradeoff}{section.6}% 25
\BOOKMARK [2][-]{subsection.6.2}{6.2 Impact of Banlist Size on Security/Usability}{section.6}% 26
