This is pdfTeX, Version 3.14159265-2.6-1.40.20 (TeX Live 2019) (preloaded format=pdflatex 2019.5.8)  2 FEB 2022 15:06
entering extended mode
 restricted \write18 enabled.
 %&-line parsing enabled.
**main.tex
(./main.tex
LaTeX2e <2018-12-01>
(./IEEEtran.cls
Document Class: IEEEtran 2015/08/26 V1.8b by Michael Shell
-- See the "IEEEtran_HOWTO" manual for usage information.
-- http://www.michaelshell.org/tex/ieeetran/
\@IEEEtrantmpdimenA=\dimen102
\@IEEEtrantmpdimenB=\dimen103
\@IEEEtrantmpdimenC=\dimen104
\@IEEEtrantmpcountA=\count80
\@IEEEtrantmpcountB=\count81
\@IEEEtrantmpcountC=\count82
\@IEEEtrantmptoksA=\toks14
LaTeX Font Info:    Try loading font information for OT1+ptm on input line 503.

(/usr/local/texlive/2019/texmf-dist/tex/latex/psnfss/ot1ptm.fd
File: ot1ptm.fd 2001/06/04 font definitions for OT1/ptm.
)
-- Using 8.5in x 11in (letter) paper.
-- Using PDF output.
\@IEEEnormalsizeunitybaselineskip=\dimen105
-- This is a 10 point document.
\CLASSINFOnormalsizebaselineskip=\dimen106
\CLASSINFOnormalsizeunitybaselineskip=\dimen107
\IEEEnormaljot=\dimen108
LaTeX Font Info:    Font shape `OT1/ptm/bx/n' in size <5> not available
(Font)              Font shape `OT1/ptm/b/n' tried instead on input line 1090.
LaTeX Font Info:    Font shape `OT1/ptm/bx/it' in size <5> not available
(Font)              Font shape `OT1/ptm/b/it' tried instead on input line 1090.

LaTeX Font Info:    Font shape `OT1/ptm/bx/n' in size <7> not available
(Font)              Font shape `OT1/ptm/b/n' tried instead on input line 1090.
LaTeX Font Info:    Font shape `OT1/ptm/bx/it' in size <7> not available
(Font)              Font shape `OT1/ptm/b/it' tried instead on input line 1090.

LaTeX Font Info:    Font shape `OT1/ptm/bx/n' in size <8> not available
(Font)              Font shape `OT1/ptm/b/n' tried instead on input line 1090.
LaTeX Font Info:    Font shape `OT1/ptm/bx/it' in size <8> not available
(Font)              Font shape `OT1/ptm/b/it' tried instead on input line 1090.

LaTeX Font Info:    Font shape `OT1/ptm/bx/n' in size <9> not available
(Font)              Font shape `OT1/ptm/b/n' tried instead on input line 1090.
LaTeX Font Info:    Font shape `OT1/ptm/bx/it' in size <9> not available
(Font)              Font shape `OT1/ptm/b/it' tried instead on input line 1090.

LaTeX Font Info:    Font shape `OT1/ptm/bx/n' in size <10> not available
(Font)              Font shape `OT1/ptm/b/n' tried instead on input line 1090.
LaTeX Font Info:    Font shape `OT1/ptm/bx/it' in size <10> not available
(Font)              Font shape `OT1/ptm/b/it' tried instead on input line 1090.

LaTeX Font Info:    Font shape `OT1/ptm/bx/n' in size <11> not available
(Font)              Font shape `OT1/ptm/b/n' tried instead on input line 1090.
LaTeX Font Info:    Font shape `OT1/ptm/bx/it' in size <11> not available
(Font)              Font shape `OT1/ptm/b/it' tried instead on input line 1090.

LaTeX Font Info:    Font shape `OT1/ptm/bx/n' in size <12> not available
(Font)              Font shape `OT1/ptm/b/n' tried instead on input line 1090.
LaTeX Font Info:    Font shape `OT1/ptm/bx/it' in size <12> not available
(Font)              Font shape `OT1/ptm/b/it' tried instead on input line 1090.

LaTeX Font Info:    Font shape `OT1/ptm/bx/n' in size <17> not available
(Font)              Font shape `OT1/ptm/b/n' tried instead on input line 1090.
LaTeX Font Info:    Font shape `OT1/ptm/bx/it' in size <17> not available
(Font)              Font shape `OT1/ptm/b/it' tried instead on input line 1090.

LaTeX Font Info:    Font shape `OT1/ptm/bx/n' in size <20> not available
(Font)              Font shape `OT1/ptm/b/n' tried instead on input line 1090.
LaTeX Font Info:    Font shape `OT1/ptm/bx/it' in size <20> not available
(Font)              Font shape `OT1/ptm/b/it' tried instead on input line 1090.

LaTeX Font Info:    Font shape `OT1/ptm/bx/n' in size <24> not available
(Font)              Font shape `OT1/ptm/b/n' tried instead on input line 1090.
LaTeX Font Info:    Font shape `OT1/ptm/bx/it' in size <24> not available
(Font)              Font shape `OT1/ptm/b/it' tried instead on input line 1090.

\IEEEquantizedlength=\dimen109
\IEEEquantizedlengthdiff=\dimen110
\IEEEquantizedtextheightdiff=\dimen111
\IEEEilabelindentA=\dimen112
\IEEEilabelindentB=\dimen113
\IEEEilabelindent=\dimen114
\IEEEelabelindent=\dimen115
\IEEEdlabelindent=\dimen116
\IEEElabelindent=\dimen117
\IEEEiednormlabelsep=\dimen118
\IEEEiedmathlabelsep=\dimen119
\IEEEiedtopsep=\skip41
\c@section=\count83
\c@subsection=\count84
\c@subsubsection=\count85
\c@paragraph=\count86
\c@IEEEsubequation=\count87
\abovecaptionskip=\skip42
\belowcaptionskip=\skip43
\c@figure=\count88
\c@table=\count89
\@IEEEeqnnumcols=\count90
\@IEEEeqncolcnt=\count91
\@IEEEsubeqnnumrollback=\count92
\@IEEEquantizeheightA=\dimen120
\@IEEEquantizeheightB=\dimen121
\@IEEEquantizeheightC=\dimen122
\@IEEEquantizeprevdepth=\dimen123
\@IEEEquantizemultiple=\count93
\@IEEEquantizeboxA=\box27
\@IEEEtmpitemindent=\dimen124
\IEEEPARstartletwidth=\dimen125
\c@IEEEbiography=\count94
\@IEEEtranrubishbin=\box28
) (./premierPackage.tex
(/usr/local/texlive/2019/texmf-dist/tex/latex/preprint/balance.sty
Package: balance 1999/02/23 4.3 (PWD)
\oldvsize=\dimen126
)
(/usr/local/texlive/2019/texmf-dist/tex/latex/graphics/color.sty
Package: color 2016/07/10 v1.1e Standard LaTeX Color (DPC)

(/usr/local/texlive/2019/texmf-dist/tex/latex/graphics-cfg/color.cfg
File: color.cfg 2016/01/02 v1.6 sample color configuration
)
Package color Info: Driver file: pdftex.def on input line 147.

(/usr/local/texlive/2019/texmf-dist/tex/latex/graphics-def/pdftex.def
File: pdftex.def 2018/01/08 v1.0l Graphics/color driver for pdftex
))
(/usr/local/texlive/2019/texmf-dist/tex/latex/amsmath/amsmath.sty
Package: amsmath 2018/12/01 v2.17b AMS math features
\@mathmargin=\skip44

For additional information on amsmath, use the `?' option.
(/usr/local/texlive/2019/texmf-dist/tex/latex/amsmath/amstext.sty
Package: amstext 2000/06/29 v2.01 AMS text

(/usr/local/texlive/2019/texmf-dist/tex/latex/amsmath/amsgen.sty
File: amsgen.sty 1999/11/30 v2.0 generic functions
\@emptytoks=\toks15
\ex@=\dimen127
))
(/usr/local/texlive/2019/texmf-dist/tex/latex/amsmath/amsbsy.sty
Package: amsbsy 1999/11/29 v1.2d Bold Symbols
\pmbraise@=\dimen128
)
(/usr/local/texlive/2019/texmf-dist/tex/latex/amsmath/amsopn.sty
Package: amsopn 2016/03/08 v2.02 operator names
)
\inf@bad=\count95
LaTeX Info: Redefining \frac on input line 223.
\uproot@=\count96
\leftroot@=\count97
LaTeX Info: Redefining \overline on input line 385.
\classnum@=\count98
\DOTSCASE@=\count99
LaTeX Info: Redefining \ldots on input line 482.
LaTeX Info: Redefining \dots on input line 485.
LaTeX Info: Redefining \cdots on input line 606.
\Mathstrutbox@=\box29
\strutbox@=\box30
\big@size=\dimen129
LaTeX Font Info:    Redeclaring font encoding OML on input line 729.
LaTeX Font Info:    Redeclaring font encoding OMS on input line 730.
\macc@depth=\count100
\c@MaxMatrixCols=\count101
\dotsspace@=\muskip10
\c@parentequation=\count102
\dspbrk@lvl=\count103
\tag@help=\toks16
\row@=\count104
\column@=\count105
\maxfields@=\count106
\andhelp@=\toks17
\eqnshift@=\dimen130
\alignsep@=\dimen131
\tagshift@=\dimen132
\tagwidth@=\dimen133
\totwidth@=\dimen134
\lineht@=\dimen135
\@envbody=\toks18
\multlinegap=\skip45
\multlinetaggap=\skip46
\mathdisplay@stack=\toks19
LaTeX Info: Redefining \[ on input line 2844.
LaTeX Info: Redefining \] on input line 2845.
)
(/usr/local/texlive/2019/texmf-dist/tex/latex/base/alltt.sty
Package: alltt 1997/06/16 v2.0g defines alltt environment
)
(/usr/local/texlive/2019/texmf-dist/tex/latex/tools/xspace.sty
Package: xspace 2014/10/28 v1.13 Space after command names (DPC,MH)
)
(/usr/local/texlive/2019/texmf-dist/tex/latex/graphics/epsfig.sty
Package: epsfig 2017/06/25 v1.7b (e)psfig emulation (SPQR)

(/usr/local/texlive/2019/texmf-dist/tex/latex/graphics/graphicx.sty
Package: graphicx 2017/06/01 v1.1a Enhanced LaTeX Graphics (DPC,SPQR)

(/usr/local/texlive/2019/texmf-dist/tex/latex/graphics/keyval.sty
Package: keyval 2014/10/28 v1.15 key=value parser (DPC)
\KV@toks@=\toks20
)
(/usr/local/texlive/2019/texmf-dist/tex/latex/graphics/graphics.sty
Package: graphics 2017/06/25 v1.2c Standard LaTeX Graphics (DPC,SPQR)

(/usr/local/texlive/2019/texmf-dist/tex/latex/graphics/trig.sty
Package: trig 2016/01/03 v1.10 sin cos tan (DPC)
)
(/usr/local/texlive/2019/texmf-dist/tex/latex/graphics-cfg/graphics.cfg
File: graphics.cfg 2016/06/04 v1.11 sample graphics configuration
)
Package graphics Info: Driver file: pdftex.def on input line 99.
)
\Gin@req@height=\dimen136
\Gin@req@width=\dimen137
)
\epsfxsize=\dimen138
\epsfysize=\dimen139
)
(/usr/local/texlive/2019/texmf-dist/tex/latex/algorithms/algorithm.sty
Package: algorithm 2009/08/24 v0.1 Document Style `algorithm' - floating enviro
nment

(/usr/local/texlive/2019/texmf-dist/tex/latex/float/float.sty
Package: float 2001/11/08 v1.3d Float enhancements (AL)
\c@float@type=\count107
\float@exts=\toks21
\float@box=\box31
\@float@everytoks=\toks22
\@floatcapt=\box32
)
(/usr/local/texlive/2019/texmf-dist/tex/latex/base/ifthen.sty
Package: ifthen 2014/09/29 v1.1c Standard LaTeX ifthen package (DPC)
)
\@float@every@algorithm=\toks23
\c@algorithm=\count108
)
(/usr/local/texlive/2019/texmf-dist/tex/latex/subfigure/subfigure.sty
Package: subfigure 2002/03/15 v2.1.5 subfigure package
\subfigtopskip=\skip47
\subfigcapskip=\skip48
\subfigcaptopadj=\dimen140
\subfigbottomskip=\skip49
\subfigcapmargin=\dimen141
\subfiglabelskip=\skip50
\c@subfigure=\count109
\c@lofdepth=\count110
\c@subtable=\count111
\c@lotdepth=\count112

****************************************
* Local config file subfigure.cfg used *
****************************************
(/usr/local/texlive/2019/texmf-dist/tex/latex/subfigure/subfigure.cfg)
\subfig@top=\skip51
\subfig@bottom=\skip52
)
(/usr/local/texlive/2019/texmf-dist/tex/latex/xcolor/xcolor.sty
Package: xcolor 2016/05/11 v2.12 LaTeX color extensions (UK)

(/usr/local/texlive/2019/texmf-dist/tex/latex/graphics-cfg/color.cfg
File: color.cfg 2016/01/02 v1.6 sample color configuration
)
Package xcolor Info: Driver file: pdftex.def on input line 225.
LaTeX Info: Redefining \color on input line 709.
Package xcolor Info: Model `cmy' substituted by `cmy0' on input line 1348.
Package xcolor Info: Model `hsb' substituted by `rgb' on input line 1352.
Package xcolor Info: Model `RGB' extended on input line 1364.
Package xcolor Info: Model `HTML' substituted by `rgb' on input line 1366.
Package xcolor Info: Model `Hsb' substituted by `hsb' on input line 1367.
Package xcolor Info: Model `tHsb' substituted by `hsb' on input line 1368.
Package xcolor Info: Model `HSB' substituted by `hsb' on input line 1369.
Package xcolor Info: Model `Gray' substituted by `gray' on input line 1370.
Package xcolor Info: Model `wave' substituted by `hsb' on input line 1371.
)
(/usr/local/texlive/2019/texmf-dist/tex/latex/multirow/multirow.sty
Package: multirow 2019/01/01 v2.4 Span multiple rows of a table
\multirow@colwidth=\skip53
\multirow@cntb=\count113
\multirow@dima=\skip54
\bigstrutjot=\dimen142
)
(/usr/local/texlive/2019/texmf-dist/tex/latex/psfrag/psfrag.sty
Package: psfrag 1998/04/11 v3.04 PSfrag (MCG)
\pfg@pcount=\count114
\pfg@scount=\count115
\pfg@temp=\write3
)
(/usr/local/texlive/2019/texmf-dist/tex/latex/mathtools/mathtools.sty
Package: mathtools 2018/01/08 v1.21 mathematical typesetting tools

(/usr/local/texlive/2019/texmf-dist/tex/latex/tools/calc.sty
Package: calc 2017/05/25 v4.3 Infix arithmetic (KKT,FJ)
\calc@Acount=\count116
\calc@Bcount=\count117
\calc@Adimen=\dimen143
\calc@Bdimen=\dimen144
\calc@Askip=\skip55
\calc@Bskip=\skip56
LaTeX Info: Redefining \setlength on input line 80.
LaTeX Info: Redefining \addtolength on input line 81.
\calc@Ccount=\count118
\calc@Cskip=\skip57
)
(/usr/local/texlive/2019/texmf-dist/tex/latex/mathtools/mhsetup.sty
Package: mhsetup 2017/03/31 v1.3 programming setup (MH)
)
LaTeX Info: Thecontrolsequence`\('isalreadyrobust on input line 129.
LaTeX Info: Thecontrolsequence`\)'isalreadyrobust on input line 129.
LaTeX Info: Thecontrolsequence`\['isalreadyrobust on input line 129.
LaTeX Info: Thecontrolsequence`\]'isalreadyrobust on input line 129.
\g_MT_multlinerow_int=\count119
\l_MT_multwidth_dim=\dimen145
\origjot=\skip58
\l_MT_shortvdotswithinadjustabove_dim=\dimen146
\l_MT_shortvdotswithinadjustbelow_dim=\dimen147
\l_MT_above_intertext_sep=\dimen148
\l_MT_below_intertext_sep=\dimen149
\l_MT_above_shortintertext_sep=\dimen150
\l_MT_below_shortintertext_sep=\dimen151
)
(/usr/local/texlive/2019/texmf-dist/tex/latex/comment/comment.sty
\CommentStream=\write4

Excluding comment 'comment')
(/usr/local/texlive/2019/texmf-dist/tex/latex/tools/verbatim.sty
Package: verbatim 2014/10/28 v1.5q LaTeX2e package for verbatim enhancements
\every@verbatim=\toks24
\verbatim@line=\toks25
\verbatim@in@stream=\read1
)
(/usr/local/texlive/2019/texmf-dist/tex/latex/algorithmicx/algpseudocode.sty
Package: algpseudocode 

(/usr/local/texlive/2019/texmf-dist/tex/latex/algorithmicx/algorithmicx.sty
Package: algorithmicx 2005/04/27 v1.2 Algorithmicx

Document Style algorithmicx 1.2 - a greatly improved `algorithmic' style
\c@ALG@line=\count120
\c@ALG@rem=\count121
\c@ALG@nested=\count122
\ALG@tlm=\skip59
\ALG@thistlm=\skip60
\c@ALG@Lnr=\count123
\c@ALG@blocknr=\count124
\c@ALG@storecount=\count125
\c@ALG@tmpcounter=\count126
\ALG@tmplength=\skip61
)
Document Style - pseudocode environments for use with the `algorithmicx' style
) (/usr/local/texlive/2019/texmf-dist/tex/latex/oberdiek/grffile.sty
Package: grffile 2017/06/30 v1.18 Extended file name support for graphics (HO)

(/usr/local/texlive/2019/texmf-dist/tex/generic/oberdiek/ifpdf.sty
Package: ifpdf 2018/09/07 v3.3 Provides the ifpdf switch
)
(/usr/local/texlive/2019/texmf-dist/tex/generic/ifxetex/ifxetex.sty
Package: ifxetex 2010/09/12 v0.6 Provides ifxetex conditional
)
(/usr/local/texlive/2019/texmf-dist/tex/latex/oberdiek/kvoptions.sty
Package: kvoptions 2016/05/16 v3.12 Key value format for package options (HO)

(/usr/local/texlive/2019/texmf-dist/tex/generic/oberdiek/ltxcmds.sty
Package: ltxcmds 2016/05/16 v1.23 LaTeX kernel commands for general use (HO)
)
(/usr/local/texlive/2019/texmf-dist/tex/generic/oberdiek/kvsetkeys.sty
Package: kvsetkeys 2016/05/16 v1.17 Key value parser (HO)

(/usr/local/texlive/2019/texmf-dist/tex/generic/oberdiek/infwarerr.sty
Package: infwarerr 2016/05/16 v1.4 Providing info/warning/error messages (HO)
)
(/usr/local/texlive/2019/texmf-dist/tex/generic/oberdiek/etexcmds.sty
Package: etexcmds 2016/05/16 v1.6 Avoid name clashes with e-TeX commands (HO)

(/usr/local/texlive/2019/texmf-dist/tex/generic/oberdiek/ifluatex.sty
Package: ifluatex 2016/05/16 v1.4 Provides the ifluatex switch (HO)
Package ifluatex Info: LuaTeX not detected.
))))
(/usr/local/texlive/2019/texmf-dist/tex/generic/oberdiek/pdftexcmds.sty
Package: pdftexcmds 2018/09/10 v0.29 Utility functions of pdfTeX for LuaTeX (HO
)
Package pdftexcmds Info: LuaTeX not detected.
Package pdftexcmds Info: \pdf@primitive is available.
Package pdftexcmds Info: \pdf@ifprimitive is available.
Package pdftexcmds Info: \pdfdraftmode found.
)
Package grffile Info: Option `multidot' is set to `true'.
Package grffile Info: Option `extendedchars' is set to `false'.
Package grffile Info: Option `space' is set to `true'.
Package grffile Info: \Gin@ii of package `graphicx' fixed on input line 494.
)
(/usr/local/texlive/2019/texmf-dist/tex/latex/xurl/xurl.sty
Package: xurl 2018/12/23 v 0.07 modify URL breaks

(/usr/local/texlive/2019/texmf-dist/tex/latex/url/url.sty
\Urlmuskip=\muskip11
Package: url 2013/09/16  ver 3.4  Verb mode for urls, etc.
))
(/usr/local/texlive/2019/texmf-dist/tex/latex/pgf/frontendlayer/tikz.sty
(/usr/local/texlive/2019/texmf-dist/tex/latex/pgf/basiclayer/pgf.sty
(/usr/local/texlive/2019/texmf-dist/tex/latex/pgf/utilities/pgfrcs.sty
(/usr/local/texlive/2019/texmf-dist/tex/generic/pgf/utilities/pgfutil-common.te
x
\pgfutil@everybye=\toks26
\pgfutil@tempdima=\dimen152
\pgfutil@tempdimb=\dimen153

(/usr/local/texlive/2019/texmf-dist/tex/generic/pgf/utilities/pgfutil-common-li
sts.tex))
(/usr/local/texlive/2019/texmf-dist/tex/generic/pgf/utilities/pgfutil-latex.def
\pgfutil@abb=\box33
(/usr/local/texlive/2019/texmf-dist/tex/latex/ms/everyshi.sty
Package: everyshi 2001/05/15 v3.00 EveryShipout Package (MS)
))
(/usr/local/texlive/2019/texmf-dist/tex/generic/pgf/utilities/pgfrcs.code.tex
(/usr/local/texlive/2019/texmf-dist/tex/generic/pgf/pgf.revision.tex)
Package: pgfrcs 2019/04/04 v3.1.2 (3.1.2)
))
Package: pgf 2019/04/04 v3.1.2 (3.1.2)

(/usr/local/texlive/2019/texmf-dist/tex/latex/pgf/basiclayer/pgfcore.sty
(/usr/local/texlive/2019/texmf-dist/tex/latex/pgf/systemlayer/pgfsys.sty
(/usr/local/texlive/2019/texmf-dist/tex/generic/pgf/systemlayer/pgfsys.code.tex
Package: pgfsys 2019/04/04 v3.1.2 (3.1.2)
(/usr/local/texlive/2019/texmf-dist/tex/generic/pgf/utilities/pgfkeys.code.tex
\pgfkeys@pathtoks=\toks27
\pgfkeys@temptoks=\toks28

(/usr/local/texlive/2019/texmf-dist/tex/generic/pgf/utilities/pgfkeysfiltered.c
ode.tex
\pgfkeys@tmptoks=\toks29
))
\pgf@x=\dimen154
\pgf@y=\dimen155
\pgf@xa=\dimen156
\pgf@ya=\dimen157
\pgf@xb=\dimen158
\pgf@yb=\dimen159
\pgf@xc=\dimen160
\pgf@yc=\dimen161
\w@pgf@writea=\write5
\r@pgf@reada=\read2
\c@pgf@counta=\count127
\c@pgf@countb=\count128
\c@pgf@countc=\count129
\c@pgf@countd=\count130
\t@pgf@toka=\toks30
\t@pgf@tokb=\toks31
\t@pgf@tokc=\toks32
\pgf@sys@id@count=\count131

(/usr/local/texlive/2019/texmf-dist/tex/generic/pgf/systemlayer/pgf.cfg
File: pgf.cfg 2019/04/04 v3.1.2 (3.1.2)
)
Driver file for pgf: pgfsys-pdftex.def

(/usr/local/texlive/2019/texmf-dist/tex/generic/pgf/systemlayer/pgfsys-pdftex.d
ef
File: pgfsys-pdftex.def 2019/04/04 v3.1.2 (3.1.2)

(/usr/local/texlive/2019/texmf-dist/tex/generic/pgf/systemlayer/pgfsys-common-p
df.def
File: pgfsys-common-pdf.def 2019/04/04 v3.1.2 (3.1.2)
)))
(/usr/local/texlive/2019/texmf-dist/tex/generic/pgf/systemlayer/pgfsyssoftpath.
code.tex
File: pgfsyssoftpath.code.tex 2019/04/04 v3.1.2 (3.1.2)
\pgfsyssoftpath@smallbuffer@items=\count132
\pgfsyssoftpath@bigbuffer@items=\count133
)
(/usr/local/texlive/2019/texmf-dist/tex/generic/pgf/systemlayer/pgfsysprotocol.
code.tex
File: pgfsysprotocol.code.tex 2019/04/04 v3.1.2 (3.1.2)
))
(/usr/local/texlive/2019/texmf-dist/tex/generic/pgf/basiclayer/pgfcore.code.tex
Package: pgfcore 2019/04/04 v3.1.2 (3.1.2)
(/usr/local/texlive/2019/texmf-dist/tex/generic/pgf/math/pgfmath.code.tex
(/usr/local/texlive/2019/texmf-dist/tex/generic/pgf/math/pgfmathcalc.code.tex
(/usr/local/texlive/2019/texmf-dist/tex/generic/pgf/math/pgfmathutil.code.tex)
(/usr/local/texlive/2019/texmf-dist/tex/generic/pgf/math/pgfmathparser.code.tex
\pgfmath@dimen=\dimen162
\pgfmath@count=\count134
\pgfmath@box=\box34
\pgfmath@toks=\toks33
\pgfmath@stack@operand=\toks34
\pgfmath@stack@operation=\toks35
)
(/usr/local/texlive/2019/texmf-dist/tex/generic/pgf/math/pgfmathfunctions.code.
tex
(/usr/local/texlive/2019/texmf-dist/tex/generic/pgf/math/pgfmathfunctions.basic
.code.tex)
(/usr/local/texlive/2019/texmf-dist/tex/generic/pgf/math/pgfmathfunctions.trigo
nometric.code.tex)
(/usr/local/texlive/2019/texmf-dist/tex/generic/pgf/math/pgfmathfunctions.rando
m.code.tex)
(/usr/local/texlive/2019/texmf-dist/tex/generic/pgf/math/pgfmathfunctions.compa
rison.code.tex)
(/usr/local/texlive/2019/texmf-dist/tex/generic/pgf/math/pgfmathfunctions.base.
code.tex)
(/usr/local/texlive/2019/texmf-dist/tex/generic/pgf/math/pgfmathfunctions.round
.code.tex)
(/usr/local/texlive/2019/texmf-dist/tex/generic/pgf/math/pgfmathfunctions.misc.
code.tex)
(/usr/local/texlive/2019/texmf-dist/tex/generic/pgf/math/pgfmathfunctions.integ
erarithmetics.code.tex)))
(/usr/local/texlive/2019/texmf-dist/tex/generic/pgf/math/pgfmathfloat.code.tex
\c@pgfmathroundto@lastzeros=\count135
))
(/usr/local/texlive/2019/texmf-dist/tex/generic/pgf/basiclayer/pgfcorepoints.co
de.tex
File: pgfcorepoints.code.tex 2019/04/04 v3.1.2 (3.1.2)
\pgf@picminx=\dimen163
\pgf@picmaxx=\dimen164
\pgf@picminy=\dimen165
\pgf@picmaxy=\dimen166
\pgf@pathminx=\dimen167
\pgf@pathmaxx=\dimen168
\pgf@pathminy=\dimen169
\pgf@pathmaxy=\dimen170
\pgf@xx=\dimen171
\pgf@xy=\dimen172
\pgf@yx=\dimen173
\pgf@yy=\dimen174
\pgf@zx=\dimen175
\pgf@zy=\dimen176
)
(/usr/local/texlive/2019/texmf-dist/tex/generic/pgf/basiclayer/pgfcorepathconst
ruct.code.tex
File: pgfcorepathconstruct.code.tex 2019/04/04 v3.1.2 (3.1.2)
\pgf@path@lastx=\dimen177
\pgf@path@lasty=\dimen178
)
(/usr/local/texlive/2019/texmf-dist/tex/generic/pgf/basiclayer/pgfcorepathusage
.code.tex
File: pgfcorepathusage.code.tex 2019/04/04 v3.1.2 (3.1.2)
\pgf@shorten@end@additional=\dimen179
\pgf@shorten@start@additional=\dimen180
)
(/usr/local/texlive/2019/texmf-dist/tex/generic/pgf/basiclayer/pgfcorescopes.co
de.tex
File: pgfcorescopes.code.tex 2019/04/04 v3.1.2 (3.1.2)
\pgfpic=\box35
\pgf@hbox=\box36
\pgf@layerbox@main=\box37
\pgf@picture@serial@count=\count136
)
(/usr/local/texlive/2019/texmf-dist/tex/generic/pgf/basiclayer/pgfcoregraphicst
ate.code.tex
File: pgfcoregraphicstate.code.tex 2019/04/04 v3.1.2 (3.1.2)
\pgflinewidth=\dimen181
)
(/usr/local/texlive/2019/texmf-dist/tex/generic/pgf/basiclayer/pgfcoretransform
ations.code.tex
File: pgfcoretransformations.code.tex 2019/04/04 v3.1.2 (3.1.2)
\pgf@pt@x=\dimen182
\pgf@pt@y=\dimen183
\pgf@pt@temp=\dimen184
)
(/usr/local/texlive/2019/texmf-dist/tex/generic/pgf/basiclayer/pgfcorequick.cod
e.tex
File: pgfcorequick.code.tex 2019/04/04 v3.1.2 (3.1.2)
)
(/usr/local/texlive/2019/texmf-dist/tex/generic/pgf/basiclayer/pgfcoreobjects.c
ode.tex
File: pgfcoreobjects.code.tex 2019/04/04 v3.1.2 (3.1.2)
)
(/usr/local/texlive/2019/texmf-dist/tex/generic/pgf/basiclayer/pgfcorepathproce
ssing.code.tex
File: pgfcorepathprocessing.code.tex 2019/04/04 v3.1.2 (3.1.2)
)
(/usr/local/texlive/2019/texmf-dist/tex/generic/pgf/basiclayer/pgfcorearrows.co
de.tex
File: pgfcorearrows.code.tex 2019/04/04 v3.1.2 (3.1.2)
\pgfarrowsep=\dimen185
)
(/usr/local/texlive/2019/texmf-dist/tex/generic/pgf/basiclayer/pgfcoreshade.cod
e.tex
File: pgfcoreshade.code.tex 2019/04/04 v3.1.2 (3.1.2)
\pgf@max=\dimen186
\pgf@sys@shading@range@num=\count137
\pgf@shadingcount=\count138
)
(/usr/local/texlive/2019/texmf-dist/tex/generic/pgf/basiclayer/pgfcoreimage.cod
e.tex
File: pgfcoreimage.code.tex 2019/04/04 v3.1.2 (3.1.2)

(/usr/local/texlive/2019/texmf-dist/tex/generic/pgf/basiclayer/pgfcoreexternal.
code.tex
File: pgfcoreexternal.code.tex 2019/04/04 v3.1.2 (3.1.2)
\pgfexternal@startupbox=\box38
))
(/usr/local/texlive/2019/texmf-dist/tex/generic/pgf/basiclayer/pgfcorelayers.co
de.tex
File: pgfcorelayers.code.tex 2019/04/04 v3.1.2 (3.1.2)
)
(/usr/local/texlive/2019/texmf-dist/tex/generic/pgf/basiclayer/pgfcoretranspare
ncy.code.tex
File: pgfcoretransparency.code.tex 2019/04/04 v3.1.2 (3.1.2)
)
(/usr/local/texlive/2019/texmf-dist/tex/generic/pgf/basiclayer/pgfcorepatterns.
code.tex
File: pgfcorepatterns.code.tex 2019/04/04 v3.1.2 (3.1.2)
)
(/usr/local/texlive/2019/texmf-dist/tex/generic/pgf/basiclayer/pgfcorerdf.code.
tex
File: pgfcorerdf.code.tex 2019/04/04 v3.1.2 (3.1.2)
)))
(/usr/local/texlive/2019/texmf-dist/tex/generic/pgf/modules/pgfmoduleshapes.cod
e.tex
File: pgfmoduleshapes.code.tex 2019/04/04 v3.1.2 (3.1.2)
\pgfnodeparttextbox=\box39
)
(/usr/local/texlive/2019/texmf-dist/tex/generic/pgf/modules/pgfmoduleplot.code.
tex
File: pgfmoduleplot.code.tex 2019/04/04 v3.1.2 (3.1.2)
)
(/usr/local/texlive/2019/texmf-dist/tex/latex/pgf/compatibility/pgfcomp-version
-0-65.sty
Package: pgfcomp-version-0-65 2019/04/04 v3.1.2 (3.1.2)
\pgf@nodesepstart=\dimen187
\pgf@nodesepend=\dimen188
)
(/usr/local/texlive/2019/texmf-dist/tex/latex/pgf/compatibility/pgfcomp-version
-1-18.sty
Package: pgfcomp-version-1-18 2019/04/04 v3.1.2 (3.1.2)
))
(/usr/local/texlive/2019/texmf-dist/tex/latex/pgf/utilities/pgffor.sty
(/usr/local/texlive/2019/texmf-dist/tex/latex/pgf/utilities/pgfkeys.sty
(/usr/local/texlive/2019/texmf-dist/tex/generic/pgf/utilities/pgfkeys.code.tex)
) (/usr/local/texlive/2019/texmf-dist/tex/latex/pgf/math/pgfmath.sty
(/usr/local/texlive/2019/texmf-dist/tex/generic/pgf/math/pgfmath.code.tex))
(/usr/local/texlive/2019/texmf-dist/tex/generic/pgf/utilities/pgffor.code.tex
Package: pgffor 2019/04/04 v3.1.2 (3.1.2)

(/usr/local/texlive/2019/texmf-dist/tex/generic/pgf/math/pgfmath.code.tex)
\pgffor@iter=\dimen189
\pgffor@skip=\dimen190
\pgffor@stack=\toks36
\pgffor@toks=\toks37
))
(/usr/local/texlive/2019/texmf-dist/tex/generic/pgf/frontendlayer/tikz/tikz.cod
e.tex
Package: tikz 2019/04/04 v3.1.2 (3.1.2)

(/usr/local/texlive/2019/texmf-dist/tex/generic/pgf/libraries/pgflibraryplothan
dlers.code.tex
File: pgflibraryplothandlers.code.tex 2019/04/04 v3.1.2 (3.1.2)
\pgf@plot@mark@count=\count139
\pgfplotmarksize=\dimen191
)
\tikz@lastx=\dimen192
\tikz@lasty=\dimen193
\tikz@lastxsaved=\dimen194
\tikz@lastysaved=\dimen195
\tikzleveldistance=\dimen196
\tikzsiblingdistance=\dimen197
\tikz@figbox=\box40
\tikz@figbox@bg=\box41
\tikz@tempbox=\box42
\tikz@tempbox@bg=\box43
\tikztreelevel=\count140
\tikznumberofchildren=\count141
\tikznumberofcurrentchild=\count142
\tikz@fig@count=\count143

(/usr/local/texlive/2019/texmf-dist/tex/generic/pgf/modules/pgfmodulematrix.cod
e.tex
File: pgfmodulematrix.code.tex 2019/04/04 v3.1.2 (3.1.2)
\pgfmatrixcurrentrow=\count144
\pgfmatrixcurrentcolumn=\count145
\pgf@matrix@numberofcolumns=\count146
)
\tikz@expandcount=\count147

(/usr/local/texlive/2019/texmf-dist/tex/generic/pgf/frontendlayer/tikz/librarie
s/tikzlibrarytopaths.code.tex
File: tikzlibrarytopaths.code.tex 2019/04/04 v3.1.2 (3.1.2)
)))
(/usr/local/texlive/2019/texmf-dist/tex/generic/pgf/frontendlayer/tikz/librarie
s/tikzlibraryshapes.code.tex
File: tikzlibraryshapes.code.tex 2019/04/04 v3.1.2 (3.1.2)

(/usr/local/texlive/2019/texmf-dist/tex/generic/pgf/frontendlayer/tikz/librarie
s/tikzlibraryshapes.geometric.code.tex
File: tikzlibraryshapes.geometric.code.tex 2019/04/04 v3.1.2 (3.1.2)

(/usr/local/texlive/2019/texmf-dist/tex/generic/pgf/libraries/shapes/pgflibrary
shapes.geometric.code.tex
File: pgflibraryshapes.geometric.code.tex 2019/04/04 v3.1.2 (3.1.2)
))
(/usr/local/texlive/2019/texmf-dist/tex/generic/pgf/frontendlayer/tikz/librarie
s/tikzlibraryshapes.misc.code.tex
File: tikzlibraryshapes.misc.code.tex 2019/04/04 v3.1.2 (3.1.2)

(/usr/local/texlive/2019/texmf-dist/tex/generic/pgf/libraries/shapes/pgflibrary
shapes.misc.code.tex
File: pgflibraryshapes.misc.code.tex 2019/04/04 v3.1.2 (3.1.2)
))
(/usr/local/texlive/2019/texmf-dist/tex/generic/pgf/frontendlayer/tikz/librarie
s/tikzlibraryshapes.symbols.code.tex
File: tikzlibraryshapes.symbols.code.tex 2019/04/04 v3.1.2 (3.1.2)

(/usr/local/texlive/2019/texmf-dist/tex/generic/pgf/libraries/shapes/pgflibrary
shapes.symbols.code.tex
File: pgflibraryshapes.symbols.code.tex 2019/04/04 v3.1.2 (3.1.2)
))
(/usr/local/texlive/2019/texmf-dist/tex/generic/pgf/frontendlayer/tikz/librarie
s/tikzlibraryshapes.arrows.code.tex
File: tikzlibraryshapes.arrows.code.tex 2019/04/04 v3.1.2 (3.1.2)

(/usr/local/texlive/2019/texmf-dist/tex/generic/pgf/libraries/shapes/pgflibrary
shapes.arrows.code.tex
File: pgflibraryshapes.arrows.code.tex 2019/04/04 v3.1.2 (3.1.2)
))
(/usr/local/texlive/2019/texmf-dist/tex/generic/pgf/frontendlayer/tikz/librarie
s/tikzlibraryshapes.callouts.code.tex
(/usr/local/texlive/2019/texmf-dist/tex/generic/pgf/libraries/shapes/pgflibrary
shapes.callouts.code.tex))
(/usr/local/texlive/2019/texmf-dist/tex/generic/pgf/frontendlayer/tikz/librarie
s/tikzlibraryshapes.multipart.code.tex
File: tikzlibraryshapes.multipart.code.tex 2019/04/04 v3.1.2 (3.1.2)

(/usr/local/texlive/2019/texmf-dist/tex/generic/pgf/libraries/shapes/pgflibrary
shapes.multipart.code.tex
File: pgflibraryshapes.multipart.code.tex 2019/04/04 v3.1.2 (3.1.2)
\pgfnodepartlowerbox=\box44
\pgfnodeparttwobox=\box45
\pgfnodepartthreebox=\box46
\pgfnodepartfourbox=\box47
\pgfnodeparttwentybox=\box48
\pgfnodepartnineteenbox=\box49
\pgfnodeparteighteenbox=\box50
\pgfnodepartseventeenbox=\box51
\pgfnodepartsixteenbox=\box52
\pgfnodepartfifteenbox=\box53
\pgfnodepartfourteenbox=\box54
\pgfnodepartthirteenbox=\box55
\pgfnodeparttwelvebox=\box56
\pgfnodepartelevenbox=\box57
\pgfnodeparttenbox=\box58
\pgfnodepartninebox=\box59
\pgfnodeparteightbox=\box60
\pgfnodepartsevenbox=\box61
\pgfnodepartsixbox=\box62
\pgfnodepartfivebox=\box63
)))
(/usr/local/texlive/2019/texmf-dist/tex/generic/pgf/frontendlayer/tikz/librarie
s/tikzlibraryarrows.code.tex
File: tikzlibraryarrows.code.tex 2019/04/04 v3.1.2 (3.1.2)

(/usr/local/texlive/2019/texmf-dist/tex/generic/pgf/libraries/pgflibraryarrows.
code.tex
File: pgflibraryarrows.code.tex 2019/04/04 v3.1.2 (3.1.2)
\arrowsize=\dimen198
)) (/usr/local/texlive/2019/texmf-dist/tex/latex/caption/caption.sty
Package: caption 2018/10/06 v3.3-154 Customizing captions (AR)

(/usr/local/texlive/2019/texmf-dist/tex/latex/caption/caption3.sty
Package: caption3 2018/09/12 v1.8c caption3 kernel (AR)
Package caption3 Info: TeX engine: e-TeX on input line 64.
\captionmargin=\dimen199
\captionmargin@=\dimen256
\captionwidth=\dimen257
\caption@tempdima=\dimen258
\caption@indent=\dimen259
\caption@parindent=\dimen260
\caption@hangindent=\dimen261
Package caption Info: Unknown document class (or package),
(caption)             standard defaults will be used.
)

Package caption Warning: Unsupported document class (or package) detected,
(caption)                usage of the caption package is not recommended.
See the caption package documentation for explanation.

Package caption Info: \@makecaption = \long macro:#1#2->\ifx \@captype \@IEEEta
blestring \footnotesize \bgroup \par \centering \@IEEEtabletopskipstrut {\norma
lfont \footnotesize #1}\\{\normalfont \footnotesize \scshape #2}\par \addvspace
 {0.5\baselineskip }\egroup \@IEEEtablecaptionsepspace \else \@IEEEfigurecaptio
nsepspace \setbox \@tempboxa \hbox {\normalfont \footnotesize {#1.}\nobreakspac
e \nobreakspace #2}\ifdim \wd \@tempboxa >\hsize \setbox \@tempboxa \hbox {\nor
malfont \footnotesize {#1.}\nobreakspace \nobreakspace }\parbox [t]{\hsize }{\n
ormalfont \footnotesize \noindent \unhbox \@tempboxa #2}\else \ifCLASSOPTIONcon
ference \hbox to\hsize {\normalfont \footnotesize \hfil \box \@tempboxa \hfil }
\else \hbox to\hsize {\normalfont \footnotesize \box \@tempboxa \hfil }\fi \fi 
\fi .
\c@caption@flags=\count148
\c@ContinuedFloat=\count149
Package caption Info: float package is loaded.
Package caption Info: subfigure package is loaded.
) (/usr/local/texlive/2019/texmf-dist/tex/latex/hyperref/hyperref.sty
Package: hyperref 2018/11/30 v6.88e Hypertext links for LaTeX

(/usr/local/texlive/2019/texmf-dist/tex/generic/oberdiek/hobsub-hyperref.sty
Package: hobsub-hyperref 2016/05/16 v1.14 Bundle oberdiek, subset hyperref (HO)


(/usr/local/texlive/2019/texmf-dist/tex/generic/oberdiek/hobsub-generic.sty
Package: hobsub-generic 2016/05/16 v1.14 Bundle oberdiek, subset generic (HO)
Package: hobsub 2016/05/16 v1.14 Construct package bundles (HO)
Package hobsub Info: Skipping package `infwarerr' (already loaded).
Package hobsub Info: Skipping package `ltxcmds' (already loaded).
Package hobsub Info: Skipping package `ifluatex' (already loaded).
Package: ifvtex 2016/05/16 v1.6 Detect VTeX and its facilities (HO)
Package ifvtex Info: VTeX not detected.
Package: intcalc 2016/05/16 v1.2 Expandable calculations with integers (HO)
Package hobsub Info: Skipping package `ifpdf' (already loaded).
Package hobsub Info: Skipping package `etexcmds' (already loaded).
Package hobsub Info: Skipping package `kvsetkeys' (already loaded).
Package: kvdefinekeys 2016/05/16 v1.4 Define keys (HO)
Package hobsub Info: Skipping package `pdftexcmds' (already loaded).
Package: pdfescape 2016/05/16 v1.14 Implements pdfTeX's escape features (HO)
Package: bigintcalc 2016/05/16 v1.4 Expandable calculations on big integers (HO
)
Package: bitset 2016/05/16 v1.2 Handle bit-vector datatype (HO)
Package: uniquecounter 2016/05/16 v1.3 Provide unlimited unique counter (HO)
)
Package hobsub Info: Skipping package `hobsub' (already loaded).
Package: letltxmacro 2016/05/16 v1.5 Let assignment for LaTeX macros (HO)
Package: hopatch 2016/05/16 v1.3 Wrapper for package hooks (HO)
Package: xcolor-patch 2016/05/16 xcolor patch
Package: atveryend 2016/05/16 v1.9 Hooks at the very end of document (HO)
Package atveryend Info: \enddocument detected (standard20110627).
Package: atbegshi 2016/06/09 v1.18 At begin shipout hook (HO)
Package: refcount 2016/05/16 v3.5 Data extraction from label references (HO)
Package: hycolor 2016/05/16 v1.8 Color options for hyperref/bookmark (HO)
)
(/usr/local/texlive/2019/texmf-dist/tex/latex/oberdiek/auxhook.sty
Package: auxhook 2016/05/16 v1.4 Hooks for auxiliary files (HO)
)
\@linkdim=\dimen262
\Hy@linkcounter=\count150
\Hy@pagecounter=\count151

(/usr/local/texlive/2019/texmf-dist/tex/latex/hyperref/pd1enc.def
File: pd1enc.def 2018/11/30 v6.88e Hyperref: PDFDocEncoding definition (HO)
Now handling font encoding PD1 ...
... no UTF-8 mapping file for font encoding PD1
)
\Hy@SavedSpaceFactor=\count152

(/usr/local/texlive/2019/texmf-dist/tex/latex/latexconfig/hyperref.cfg
File: hyperref.cfg 2002/06/06 v1.2 hyperref configuration of TeXLive
)
Package hyperref Info: Hyper figures OFF on input line 4519.
Package hyperref Info: Link nesting OFF on input line 4524.
Package hyperref Info: Hyper index ON on input line 4527.
Package hyperref Info: Plain pages OFF on input line 4534.
Package hyperref Info: Backreferencing OFF on input line 4539.
Package hyperref Info: Implicit mode ON; LaTeX internals redefined.
Package hyperref Info: Bookmarks ON on input line 4772.
\c@Hy@tempcnt=\count153
LaTeX Info: Redefining \url on input line 5125.
\XeTeXLinkMargin=\dimen263
\Fld@menulength=\count154
\Field@Width=\dimen264
\Fld@charsize=\dimen265
Package hyperref Info: Hyper figures OFF on input line 6380.
Package hyperref Info: Link nesting OFF on input line 6385.
Package hyperref Info: Hyper index ON on input line 6388.
Package hyperref Info: backreferencing OFF on input line 6395.
Package hyperref Info: Link coloring OFF on input line 6400.
Package hyperref Info: Link coloring with OCG OFF on input line 6405.
Package hyperref Info: PDF/A mode OFF on input line 6410.
LaTeX Info: Redefining \ref on input line 6450.
LaTeX Info: Redefining \pageref on input line 6454.
\Hy@abspage=\count155
\c@Item=\count156
\c@Hfootnote=\count157
)
Package hyperref Info: Driver (autodetected): hpdftex.

(/usr/local/texlive/2019/texmf-dist/tex/latex/hyperref/hpdftex.def
File: hpdftex.def 2018/11/30 v6.88e Hyperref driver for pdfTeX
\Fld@listcount=\count158
\c@bookmark@seq@number=\count159

(/usr/local/texlive/2019/texmf-dist/tex/latex/oberdiek/rerunfilecheck.sty
Package: rerunfilecheck 2016/05/16 v1.8 Rerun checks for auxiliary files (HO)
Package uniquecounter Info: New unique counter `rerunfilecheck' on input line 2
82.
)
\Hy@SectionHShift=\skip62
)
Package hyperref Info: Option `breaklinks' set `true' on input line 26.
\c@definition=\count160
\c@thm=\count161

(/usr/local/texlive/2019/texmf-dist/tex/generic/pgf/frontendlayer/tikz/librarie
s/tikzlibrarymatrix.code.tex
File: tikzlibrarymatrix.code.tex 2019/04/04 v3.1.2 (3.1.2)
)
(/usr/local/texlive/2019/texmf-dist/tex/generic/pgf/frontendlayer/tikz/librarie
s/tikzlibrarycalc.code.tex
File: tikzlibrarycalc.code.tex 2019/04/04 v3.1.2 (3.1.2)
))
(/usr/local/texlive/2019/texmf-dist/tex/latex/amsfonts/amsfonts.sty
Package: amsfonts 2013/01/14 v3.01 Basic AMSFonts support
\symAMSa=\mathgroup4
\symAMSb=\mathgroup5
LaTeX Font Info:    Overwriting math alphabet `\mathfrak' in version `bold'
(Font)                  U/euf/m/n --> U/euf/b/n on input line 106.
)
(./main.aux)
\openout1 = `main.aux'.

LaTeX Font Info:    Checking defaults for OML/cmm/m/it on input line 317.
LaTeX Font Info:    ... okay on input line 317.
LaTeX Font Info:    Checking defaults for T1/cmr/m/n on input line 317.
LaTeX Font Info:    ... okay on input line 317.
LaTeX Font Info:    Checking defaults for OT1/cmr/m/n on input line 317.
LaTeX Font Info:    ... okay on input line 317.
LaTeX Font Info:    Checking defaults for OMS/cmsy/m/n on input line 317.
LaTeX Font Info:    ... okay on input line 317.
LaTeX Font Info:    Checking defaults for OMX/cmex/m/n on input line 317.
LaTeX Font Info:    ... okay on input line 317.
LaTeX Font Info:    Checking defaults for U/cmr/m/n on input line 317.
LaTeX Font Info:    ... okay on input line 317.
LaTeX Font Info:    Checking defaults for PD1/pdf/m/n on input line 317.
LaTeX Font Info:    ... okay on input line 317.

-- Lines per column: 56 (exact).
(/usr/local/texlive/2019/texmf-dist/tex/context/base/mkii/supp-pdf.mkii
[Loading MPS to PDF converter (version 2006.09.02).]
\scratchcounter=\count162
\scratchdimen=\dimen266
\scratchbox=\box64
\nofMPsegments=\count163
\nofMParguments=\count164
\everyMPshowfont=\toks38
\MPscratchCnt=\count165
\MPscratchDim=\dimen267
\MPnumerator=\count166
\makeMPintoPDFobject=\count167
\everyMPtoPDFconversion=\toks39
) (/usr/local/texlive/2019/texmf-dist/tex/latex/oberdiek/epstopdf-base.sty
Package: epstopdf-base 2016/05/15 v2.6 Base part for package epstopdf

(/usr/local/texlive/2019/texmf-dist/tex/latex/oberdiek/grfext.sty
Package: grfext 2016/05/16 v1.2 Manage graphics extensions (HO)
)
Package epstopdf-base Info: Redefining graphics rule for `.eps' on input line 4
38.
Package grfext Info: Graphics extension search list:
(grfext)             [.pdf,.png,.jpg,.mps,.jpeg,.jbig2,.jb2,.PDF,.PNG,.JPG,.JPE
G,.JBIG2,.JB2,.eps]
(grfext)             \AppendGraphicsExtensions on input line 456.

(/usr/local/texlive/2019/texmf-dist/tex/latex/latexconfig/epstopdf-sys.cfg
File: epstopdf-sys.cfg 2010/07/13 v1.3 Configuration of (r)epstopdf for TeX Liv
e
))
ABD: EveryShipout initializing macros
Package caption Info: Begin \AtBeginDocument code.
Package caption Info: hyperref package is loaded.
Package caption Info: End \AtBeginDocument code.
\AtBeginShipoutBox=\box65
Package hyperref Info: Link coloring OFF on input line 317.

(/usr/local/texlive/2019/texmf-dist/tex/latex/hyperref/nameref.sty
Package: nameref 2016/05/21 v2.44 Cross-referencing by name of section

(/usr/local/texlive/2019/texmf-dist/tex/generic/oberdiek/gettitlestring.sty
Package: gettitlestring 2016/05/16 v1.5 Cleanup title references (HO)
)
\c@section@level=\count168
)
LaTeX Info: Redefining \ref on input line 317.
LaTeX Info: Redefining \pageref on input line 317.
LaTeX Info: Redefining \nameref on input line 317.

(./main.out) (./main.out)
\@outlinefile=\write6
\openout6 = `main.out'.

LaTeX Font Info:    Calculating math sizes for size <24> on input line 383.
LaTeX Font Info:    Try loading font information for U+msa on input line 383.

(/usr/local/texlive/2019/texmf-dist/tex/latex/amsfonts/umsa.fd
File: umsa.fd 2013/01/14 v3.01 AMS symbols A
)
LaTeX Font Info:    Try loading font information for U+msb on input line 383.

(/usr/local/texlive/2019/texmf-dist/tex/latex/amsfonts/umsb.fd
File: umsb.fd 2013/01/14 v3.01 AMS symbols B
) (./abstract.tex) (./ccs-body.tex (./Introduction.tex

LaTeX Warning: Citation `SP:Bonneau12' on page 1 undefined on input line 7.


LaTeX Warning: Citation `CCS:WZWYH16' on page 1 undefined on input line 7.


LaTeX Warning: Citation `SP:BHVS12' on page 1 undefined on input line 11.


LaTeX Warning: Citation `PasswordPersistence' on page 1 undefined on input line
 11.


LaTeX Warning: Citation `DuoWeakPassword' on page 1 undefined on input line 11.



LaTeX Warning: Citation `DictionaryAttack:Ransomware' on page 1 undefined on in
put line 11.


LaTeX Warning: Citation `DictionaryAttack:Microsoft' on page 1 undefined on inp
ut line 11.


LaTeX Warning: Citation `KSKMBCCE:SIGCHI11' on page 1 undefined on input line 1
4.


LaTeX Warning: Citation `sandhu2005system' on page 1 undefined on input line 14
.


LaTeX Warning: Citation `gordon2014efficiently' on page 1 undefined on input li
ne 14.


LaTeX Warning: Citation `NDSS:FJDBG16' on page 1 undefined on input line 14.


Underfull \hbox (badness 2753) in paragraph at lines 29--30
\OT1/ptm/m/n/10 In this ex-am-ple sce-nario, our user John Smith reg-is-
 []

[1
Non-PDF special ignored!
<special> header=psfrag.pro
{/usr/local/texlive/2019/texmf-var/fonts/map/pdftex/updmap/pdftex.map}


]

LaTeX Warning: Citation `USENIX:Wheeler16' on page 2 undefined on input line 36
.


LaTeX Warning: Citation `CCS:CWPCR17' on page 2 undefined on input line 39.


LaTeX Warning: Citation `SP:CAAJR16' on page 2 undefined on input line 39.

<Figures/Introduction/Usability.pdf, id=173, 502.59189pt x 312.7711pt>
File: Figures/Introduction/Usability.pdf Graphic file (type pdf)
<use Figures/Introduction/Usability.pdf>
Package pdftex.def Info: Figures/Introduction/Usability.pdf  used on input line
 71.
(pdftex.def)             Requested size: 252.00085pt x 144.53983pt.
<Figures/Introduction/Security.pdf, id=174, 491.51611pt x 356.36087pt>
File: Figures/Introduction/Security.pdf Graphic file (type pdf)
<use Figures/Introduction/Security.pdf>
Package pdftex.def Info: Figures/Introduction/Security.pdf  used on input line 
77.
(pdftex.def)             Requested size: 252.00488pt x 144.53741pt.
) (./RelatedWorks.tex

LaTeX Warning: Citation `brostoff2003ten' on page 2 undefined on input line 11.



LaTeX Warning: Citation `KSKMBCCE:SIGCHI11' on page 2 undefined on input line 1
1.


LaTeX Warning: Citation `BKPS:ACMEC13' on page 2 undefined on input line 11.


LaTeX Warning: Citation `KSKMBCCE:SIGCHI11' on page 2 undefined on input line 1
1.


LaTeX Warning: Citation `sandhu2005system' on page 2 undefined on input line 14
.


LaTeX Warning: Citation `gordon2014efficiently' on page 2 undefined on input li
ne 14.


LaTeX Warning: Citation `NDSS:FJDBG16' on page 2 undefined on input line 14.


Underfull \hbox (badness 3240) in paragraph at lines 14--15
\OT1/ptm/b/n/10 Feature-Based Mech-a-nism  \OT1/ptm/m/n/10 Mod-ern throt-tling 
mech-a-
 []

[2 <./Figures/Introduction/Usability.pdf> <./Figures/Introduction/Security.pdf>
]

LaTeX Warning: Citation `EuroSP:THS19' on page 3 undefined on input line 17.


LaTeX Warning: Citation `SchHer:MSR18' on page 3 undefined on input line 17.


LaTeX Warning: Citation `FloHer:WWW07' on page 3 undefined on input line 22.


LaTeX Warning: Citation `DavKev:WWW12' on page 3 undefined on input line 22.


LaTeX Warning: Citation `SP:Bonneau12' on page 3 undefined on input line 22.


LaTeX Warning: Citation `Dataset:RockYou' on page 3 undefined on input line 22.



LaTeX Warning: Citation `Dataset:LinkedIn' on page 3 undefined on input line 22
.


LaTeX Warning: Citation `EPRINT:WJHW14' on page 3 undefined on input line 22.


LaTeX Warning: Citation `TIFS17:WCWPXG' on page 3 undefined on input line 22.


LaTeX Warning: Citation `ESORICS:WanWan16' on page 3 undefined on input line 22
.


LaTeX Warning: Citation `SP:BloHarZho18' on page 3 undefined on input line 22.


LaTeX Warning: Citation `SP:Bonneau12' on page 3 undefined on input line 22.


LaTeX Warning: Citation `NDSS:BloDatBon16' on page 3 undefined on input line 22
.


Underfull \hbox (badness 2213) in paragraph at lines 22--23
\OT1/ptm/b/n/10 Password Dis-tri-bu-tion  \OT1/ptm/m/n/10 Pass-word dis-tri-bu-
tion nat-u-rally
 []


Underfull \hbox (badness 10000) in paragraph at lines 22--23

 []


LaTeX Warning: Citation `CCS:CWPCR17' on page 3 undefined on input line 24.


LaTeX Warning: Citation `SP:CAAJR16' on page 3 undefined on input line 24.


LaTeX Warning: Citation `News:FacebookCaseSensitiveNews' on page 3 undefined on
 input line 24.


LaTeX Warning: Citation `News:AmazonTypo' on page 3 undefined on input line 24.



LaTeX Warning: Citation `CCS:PinSan02' on page 3 undefined on input line 30.


LaTeX Warning: Citation `EC:vBHL03' on page 3 undefined on input line 30.


LaTeX Warning: Citation `von2008recaptcha' on page 3 undefined on input line 30
.


LaTeX Warning: Citation `SP:BBFNJ10' on page 3 undefined on input line 30.


LaTeX Warning: Citation `CCS:BurMarMit11' on page 3 undefined on input line 30.



LaTeX Warning: Citation `captchaSolver' on page 3 undefined on input line 30.


LaTeX Warning: Citation `NDSS:GYCZLT16' on page 3 undefined on input line 30.


LaTeX Warning: Citation `CCS:YTFZFX18' on page 3 undefined on input line 30.


LaTeX Warning: Citation `SOUPS:GBD17' on page 3 undefined on input line 30.


LaTeX Warning: Citation `KSKMBCCE:SIGCHI11' on page 3 undefined on input line 3
4.


LaTeX Warning: Citation `BKPS:ACMEC13' on page 3 undefined on input line 34.


LaTeX Warning: Citation `HTS:SchHerMit10' on page 3 undefined on input line 34.



LaTeX Warning: Citation `BKPS:ACMEC13' on page 3 undefined on input line 34.

) (./Prelinminaries.tex

LaTeX Warning: Citation `EuroSP:THS19' on page 3 undefined on input line 15.


LaTeX Warning: Citation `ICALP:ChaCheFar02' on page 3 undefined on input line 1
5.


LaTeX Warning: Citation `ICALP:ChaCheFar02' on page 3 undefined on input line 1
5.


LaTeX Warning: Citation `CCS:NaoPinRon19' on page 3 undefined on input line 15.



LaTeX Warning: Citation `CCS:ErlPihKor14' on page 3 undefined on input line 15.



LaTeX Warning: Citation `AppleDP' on page 3 undefined on input line 15.


LaTeX Warning: Citation `ICALP:ChaCheFar02' on page 3 undefined on input line 1
8.


LaTeX Warning: Citation `JoA:CorMut05' on page 3 undefined on input line 18.

[3]
LaTeX Font Info:    Try loading font information for OT1+phv on input line 48.
 (/usr/local/texlive/2019/texmf-dist/tex/latex/psnfss/ot1phv.fd
File: ot1phv.fd 2001/06/04 scalable font definitions for OT1/phv.
)
Underfull \hbox (badness 1694) in paragraph at lines 48--49
[]\OT1/ptm/m/n/10 To im-ple-ment $[]$ with high ac-cu-racy, we want
 []


Underfull \hbox (badness 6252) in paragraph at lines 48--49
\OT1/ptm/m/n/10 the es-ti-ma-tor has the fol-low-ing cor-rect-ness prop-erty:
 []


LaTeX Warning: Citation `ECS:Dwork11' on page 4 undefined on input line 64.


LaTeX Warning: Citation `CCS:ErlPihKor14' on page 4 undefined on input line 64.



LaTeX Warning: Citation `AppleDP' on page 4 undefined on input line 64.


LaTeX Warning: Citation `AppleDPTeam' on page 4 undefined on input line 64.


LaTeX Warning: Citation `ECS:Dwork11' on page 4 undefined on input line 66.


LaTeX Warning: Citation `CCS:NaoPinRon19' on page 4 undefined on input line 86.



LaTeX Warning: Citation `NDSS:BloDatBon16' on page 4 undefined on input line 86
.


LaTeX Warning: Citation `EuroSP:THS19' on page 4 undefined on input line 86.

[4]) (./DALockAlgorithm.tex

Package hyperref Warning: Token not allowed in a PDF string (PDFDocEncoding):
(hyperref)                removing `math shift' on input line 4.


Package hyperref Warning: Token not allowed in a PDF string (PDFDocEncoding):
(hyperref)                removing `math shift' on input line 4.


Package hyperref Warning: Token not allowed in a PDF string (PDFDocEncoding):
(hyperref)                removing `math shift' on input line 7.


Package hyperref Warning: Token not allowed in a PDF string (PDFDocEncoding):
(hyperref)                removing `math shift' on input line 7.


Package hyperref Warning: Token not allowed in a PDF string (PDFDocEncoding):
(hyperref)                removing `math shift' on input line 18.


Package hyperref Warning: Token not allowed in a PDF string (PDFDocEncoding):
(hyperref)                removing `math shift' on input line 18.


LaTeX Warning: Citation `USENIX:Wheeler16' on page 5 undefined on input line 19
.


LaTeX Warning: Citation `USENIX:USBCCKKMMS15' on page 5 undefined on input line
 19.


LaTeX Warning: Citation `USENIX:MUSKBCC16' on page 5 undefined on input line 19
.


LaTeX Warning: Citation `HTS:SchHerMit10' on page 5 undefined on input line 19.


[5]

LaTeX Warning: Citation `HTS:SchHerMit10' on page 6 undefined on input line 21.



LaTeX Warning: Citation `EuroSP:THS19' on page 6 undefined on input line 21.

) (./ExperimentsDesign.tex

LaTeX Warning: Citation `AC:BloBluDat13' on page 6 undefined on input line 12.


LaTeX Warning: Citation `CCS:CWPCR17' on page 6 undefined on input line 12.


LaTeX Warning: Citation `SP:CAAJR16' on page 6 undefined on input line 12.


LaTeX Warning: Citation `USENIX:Wheeler16' on page 6 undefined on input line 12
.


LaTeX Warning: Citation `USENIX:USBCCKKMMS15' on page 6 undefined on input line
 12.


LaTeX Warning: Citation `USENIX:MUSKBCC16' on page 6 undefined on input line 12
.


LaTeX Warning: Citation `CCS:WZWYH16' on page 6 undefined on input line 12.


LaTeX Warning: Citation `SP:Bonneau12' on page 6 undefined on input line 25.


LaTeX Warning: Citation `NDSS:BloDatBon16' on page 6 undefined on input line 25
.


LaTeX Warning: Citation `harsha2020bicycle' on page 6 undefined on input line 2
5.


Overfull \hbox (5.6517pt too wide) in paragraph at lines 87--88
[][] 
 []

[6] (./ModelingUsers.tex

LaTeX Warning: Citation `BKPS:ACMEC13' on page 7 undefined on input line 22.


LaTeX Warning: Citation `AC:BloBluDat13' on page 7 undefined on input line 40.


LaTeX Warning: Citation `CCS:KogManBon17' on page 7 undefined on input line 40.



LaTeX Warning: Citation `CCS:CWPCR17' on page 7 undefined on input line 48.


LaTeX Warning: Citation `CCS:CWPCR17' on page 7 undefined on input line 48.


LaTeX Warning: Citation `EuroSP:THS19' on page 7 undefined on input line 48.


LaTeX Warning: Citation `CCS:CWPCR17' on page 7 undefined on input line 54.


LaTeX Warning: Citation `SP:CAAJR16' on page 7 undefined on input line 54.

) (./ModelingAuthenticationServer.tex [7]

LaTeX Warning: Citation `NDSS:BloDatBon16' on page 8 undefined on input line 33
.


LaTeX Warning: Citation `AppleDPTeam' on page 8 undefined on input line 33.


LaTeX Warning: Citation `CCS:ErlPihKor14' on page 8 undefined on input line 33.



LaTeX Warning: Citation `USENIX:WBLJ17' on page 8 undefined on input line 33.


LaTeX Warning: Citation `BKPS:ACMEC13' on page 8 undefined on input line 49.


LaTeX Warning: Citation `HTS:SchHerMit10' on page 8 undefined on input line 49.


<Figures/Experiments/AffectedUsers.png, id=320, 492.1587pt x 208.8603pt>
File: Figures/Experiments/AffectedUsers.png Graphic file (type png)
<use Figures/Experiments/AffectedUsers.png>
Package pdftex.def Info: Figures/Experiments/AffectedUsers.png  used on input l
ine 56.
(pdftex.def)             Requested size: 251.99641pt x 144.53761pt.

LaTeX Warning: Citation `BKPS:ACMEC13' on page 8 undefined on input line 64.

[8 <./Figures/Experiments/AffectedUsers.png>]

LaTeX Warning: Citation `USENIX:Wheeler16' on page 9 undefined on input line 75
.


LaTeX Warning: Citation `CCS:GolDur18' on page 9 undefined on input line 75.


LaTeX Warning: Citation `USENIX:USBCCKKMMS15' on page 9 undefined on input line
 75.


LaTeX Warning: Citation `USENIX:MUSKBCC16' on page 9 undefined on input line 75
.


LaTeX Warning: Citation `USENIX:USBCCKKMMS15' on page 9 undefined on input line
 75.

) (./ModelingAttacker.tex
Underfull \hbox (badness 10000) in paragraph at lines 41--42
\OMS/cmsy/m/n/10 f\OML/cmm/m/it/10 pw[]; [] ; pw[]\OMS/cmsy/m/n/10 g$ \OT1/ptm/
m/n/10 we for-mally de-fine the \OT1/phv/m/n/10 P\OT1/ptm/m/n/10 assword
 []


Underfull \vbox (badness 1286) has occurred while \output is active []

 [9]
LaTeX Font Info:    Font shape `OT1/phv/bx/n' in size <10> not available
(Font)              Font shape `OT1/phv/b/n' tried instead on input line 60.


LaTeX Warning: Citation `kulik2010there' on page 10 undefined on input line 62.



LaTeX Warning: Citation `Dan:OR57' on page 10 undefined on input line 62.

)) (./ExperimentsResult.tex
<Figures/Experiments/Attacker/SecurityBigPicture.png, id=349, 2160.873pt x 755.
9442pt>
File: Figures/Experiments/Attacker/SecurityBigPicture.png Graphic file (type pn
g)
<use Figures/Experiments/Attacker/SecurityBigPicture.png>
Package pdftex.def Info: Figures/Experiments/Attacker/SecurityBigPicture.png  u
sed on input line 11.
(pdftex.def)             Requested size: 515.98235pt x 85.35725pt.

Underfull \hbox (badness 10000) in paragraph at lines 11--13
[][]
 []

<Figures/Experiments/Utility/UsabilityBigPicture.png, id=350, 2160.873pt x 714.
7503pt>
File: Figures/Experiments/Utility/UsabilityBigPicture.png Graphic file (type pn
g)
<use Figures/Experiments/Utility/UsabilityBigPicture.png>
Package pdftex.def Info: Figures/Experiments/Utility/UsabilityBigPicture.png  u
sed on input line 14.
(pdftex.def)             Requested size: 515.98235pt x 85.3519pt.

Underfull \hbox (badness 10000) in paragraph at lines 14--16
[][]
 []


LaTeX Warning: `h' float specifier changed to `ht'.

[10]

LaTeX Warning: Citation `brostoff2003ten' on page 11 undefined on input line 54
.

[11 <./Figures/Experiments/Attacker/SecurityBigPicture.png> <./Figures/Experime
nts/Utility/UsabilityBigPicture.png>]) (./Limitation.tex) (./Conclusion.tex))
[12] (./main.bbl

! LaTeX Error: Something's wrong--perhaps a missing \item.

See the LaTeX manual or LaTeX Companion for explanation.
Type  H <return>  for immediate help.
 ...                                              
                                                  
l.24 \end{thebibliography}
                          
Try typing  <return>  to proceed.
If that doesn't work, type  X <return>  to quit.

) (./Appendix.tex

Package hyperref Warning: Token not allowed in a PDF string (PDFDocEncoding):
(hyperref)                removing `math shift' on input line 8.


Package hyperref Warning: Token not allowed in a PDF string (PDFDocEncoding):
(hyperref)                removing `math shift' on input line 8.

Package hyperref Info: bookmark level for unknown algorithm defaults to 0 on in
put line 13.

Package hyperref Warning: Token not allowed in a PDF string (PDFDocEncoding):
(hyperref)                removing `math shift' on input line 31.


Package hyperref Warning: Token not allowed in a PDF string (PDFDocEncoding):
(hyperref)                removing `math shift' on input line 31.


Underfull \hbox (badness 4479) in paragraph at lines 35--37
[][]\OT1/ptm/m/it/10 Definition 3 (Sub-set Sum): \OT1/ptm/m/n/10 Given par-ti-t
ion in-stance
 []


Package hyperref Warning: Token not allowed in a PDF string (PDFDocEncoding):
(hyperref)                removing `math shift' on input line 57.


Package hyperref Warning: Token not allowed in a PDF string (PDFDocEncoding):
(hyperref)                removing `math shift' on input line 57.


LaTeX Warning: Citation `CCS:CWPCR17' on page 13 undefined on input line 114.


LaTeX Warning: Citation `SP:CAAJR16' on page 13 undefined on input line 114.

[13

] (./Figures/Experiments/FlowChart.tex)
Underfull \hbox (badness 10000) in paragraph at lines 2--118

 []


LaTeX Warning: Citation `CCS:CWPCR17' on page 14 undefined on input line 137.


LaTeX Warning: Citation `CCS:CWPCR17' on page 14 undefined on input line 137.


LaTeX Warning: Citation `SP:Bonneau12' on page 14 undefined on input line 150.


LaTeX Warning: Citation `NDSS:BloDatBon16' on page 14 undefined on input line 1
50.

[14]
<Figures/Experiments/Attacker/SecurityNeuralNet.png, id=433, 2160.873pt x 755.9
442pt>
File: Figures/Experiments/Attacker/SecurityNeuralNet.png Graphic file (type png
)
<use Figures/Experiments/Attacker/SecurityNeuralNet.png>
Package pdftex.def Info: Figures/Experiments/Attacker/SecurityNeuralNet.png  us
ed on input line 188.
(pdftex.def)             Requested size: 515.98235pt x 85.35725pt.

Underfull \hbox (badness 10000) in paragraph at lines 188--190
[][]
 []

<Figures/Experiments/Utility/UsabilityNeuralNet.png, id=434, 2160.1503pt x 354.
123pt>
File: Figures/Experiments/Utility/UsabilityNeuralNet.png Graphic file (type png
)
<use Figures/Experiments/Utility/UsabilityNeuralNet.png>
Package pdftex.def Info: Figures/Experiments/Utility/UsabilityNeuralNet.png  us
ed on input line 192.
(pdftex.def)             Requested size: 515.97458pt x 85.35869pt.

Underfull \hbox (badness 10000) in paragraph at lines 192--194
[][]
 []

<Figures/Experiments/Attacker/SecurityHashcat.png, id=435, 2160.873pt x 755.944
2pt>
File: Figures/Experiments/Attacker/SecurityHashcat.png Graphic file (type png)
<use Figures/Experiments/Attacker/SecurityHashcat.png>
Package pdftex.def Info: Figures/Experiments/Attacker/SecurityHashcat.png  used
 on input line 196.
(pdftex.def)             Requested size: 515.98235pt x 85.35725pt.

Underfull \hbox (badness 10000) in paragraph at lines 196--198
[][]
 []

<Figures/Experiments/Utility/UsabilityHashcat.png, id=436, 2160.1503pt x 354.12
3pt>
File: Figures/Experiments/Utility/UsabilityHashcat.png Graphic file (type png)
<use Figures/Experiments/Utility/UsabilityHashcat.png>
Package pdftex.def Info: Figures/Experiments/Utility/UsabilityHashcat.png  used
 on input line 201.
(pdftex.def)             Requested size: 515.97458pt x 85.35869pt.

Underfull \hbox (badness 10000) in paragraph at lines 201--203
[][]
 []

<Figures/Experiments/Attacker/SecurityZxcvbn.png, id=437, 2160.873pt x 755.9442
pt>
File: Figures/Experiments/Attacker/SecurityZxcvbn.png Graphic file (type png)
<use Figures/Experiments/Attacker/SecurityZxcvbn.png>
Package pdftex.def Info: Figures/Experiments/Attacker/SecurityZxcvbn.png  used 
on input line 213.
(pdftex.def)             Requested size: 515.98235pt x 85.35725pt.

Underfull \hbox (badness 10000) in paragraph at lines 213--215
[][]
 []

<Figures/Experiments/Utility/UsabilityZxcvbn.png, id=438, 2160.1503pt x 354.123
pt>
File: Figures/Experiments/Utility/UsabilityZxcvbn.png Graphic file (type png)
<use Figures/Experiments/Utility/UsabilityZxcvbn.png>
Package pdftex.def Info: Figures/Experiments/Utility/UsabilityZxcvbn.png  used 
on input line 217.
(pdftex.def)             Requested size: 515.97458pt x 85.35869pt.

Underfull \hbox (badness 10000) in paragraph at lines 217--219
[][]
 []

<Figures/Experiments/Attacker/SecurityPsiCompare.png, id=439, 2883.573pt x 755.
9442pt>
File: Figures/Experiments/Attacker/SecurityPsiCompare.png Graphic file (type pn
g)
<use Figures/Experiments/Attacker/SecurityPsiCompare.png>
Package pdftex.def Info: Figures/Experiments/Attacker/SecurityPsiCompare.png  u
sed on input line 253.
(pdftex.def)             Requested size: 515.98477pt x 85.35725pt.

Underfull \hbox (badness 10000) in paragraph at lines 253--255
[][]
 []

<Figures/Experiments/Utility/UsabilityPsiCompare.png, id=440, 2883.573pt x 714.
7503pt>
File: Figures/Experiments/Utility/UsabilityPsiCompare.png Graphic file (type pn
g)
<use Figures/Experiments/Utility/UsabilityPsiCompare.png>
Package pdftex.def Info: Figures/Experiments/Utility/UsabilityPsiCompare.png  u
sed on input line 257.
(pdftex.def)             Requested size: 515.98477pt x 85.3519pt.

Underfull \hbox (badness 10000) in paragraph at lines 257--259
[][]
 []

<Figures/Experiments/Attacker/SecuritySampleCompare.png, id=441, 2883.573pt x 7
55.9442pt>
File: Figures/Experiments/Attacker/SecuritySampleCompare.png Graphic file (type
 png)
<use Figures/Experiments/Attacker/SecuritySampleCompare.png>
Package pdftex.def Info: Figures/Experiments/Attacker/SecuritySampleCompare.png
  used on input line 262.
(pdftex.def)             Requested size: 515.98477pt x 85.35725pt.

Underfull \hbox (badness 10000) in paragraph at lines 262--264
[][]
 []

<Figures/Experiments/Utility/UsabilitySampleCompare.png, id=442, 2883.573pt x 7
14.7503pt>
File: Figures/Experiments/Utility/UsabilitySampleCompare.png Graphic file (type
 png)
<use Figures/Experiments/Utility/UsabilitySampleCompare.png>
Package pdftex.def Info: Figures/Experiments/Utility/UsabilitySampleCompare.png
  used on input line 267.
(pdftex.def)             Requested size: 515.98477pt x 85.3519pt.

Underfull \hbox (badness 10000) in paragraph at lines 267--269
[][]
 []

<Figures/Experiments/Attacker/SecurityDPCompare.png, id=443, 2883.573pt x 755.9
442pt>
File: Figures/Experiments/Attacker/SecurityDPCompare.png Graphic file (type png
)
<use Figures/Experiments/Attacker/SecurityDPCompare.png>
Package pdftex.def Info: Figures/Experiments/Attacker/SecurityDPCompare.png  us
ed on input line 272.
(pdftex.def)             Requested size: 515.98477pt x 85.35725pt.

Underfull \hbox (badness 10000) in paragraph at lines 272--274
[][]
 []

<Figures/Experiments/Utility/UsabilityDPCompare.png, id=444, 2883.573pt x 714.7
503pt>
File: Figures/Experiments/Utility/UsabilityDPCompare.png Graphic file (type png
)
<use Figures/Experiments/Utility/UsabilityDPCompare.png>
Package pdftex.def Info: Figures/Experiments/Utility/UsabilityDPCompare.png  us
ed on input line 276.
(pdftex.def)             Requested size: 515.98477pt x 85.3519pt.

Underfull \hbox (badness 10000) in paragraph at lines 276--278
[][]
 []

)

** Conference Paper **
Before submitting the final camera ready copy, remember to:

 1. Manually equalize the lengths of two columns on the last page
 of your paper;

 2. Ensure that any PostScript and/or PDF output post-processing
 uses only Type 1 fonts and that every step in the generation
 process uses the appropriate paper size.

[15] [16 <./Figures/Experiments/Attacker/SecurityNeuralNet.png> <./Figures/Expe
riments/Utility/UsabilityNeuralNet.png> <./Figures/Experiments/Attacker/Securit
yHashcat.png> <./Figures/Experiments/Utility/UsabilityHashcat.png> <./Figures/E
xperiments/Attacker/SecurityZxcvbn.png> <./Figures/Experiments/Utility/Usabilit
yZxcvbn.png>] [17 <./Figures/Experiments/Attacker/SecurityPsiCompare.png> <./Fi
gures/Experiments/Utility/UsabilityPsiCompare.png> <./Figures/Experiments/Attac
ker/SecuritySampleCompare.png> <./Figures/Experiments/Utility/UsabilitySampleCo
mpare.png> <./Figures/Experiments/Attacker/SecurityDPCompare.png> <./Figures/Ex
periments/Utility/UsabilityDPCompare.png>]
Package atveryend Info: Empty hook `BeforeClearDocument' on input line 453.
Package atveryend Info: Empty hook `AfterLastShipout' on input line 453.
 (./main.aux)
Package atveryend Info: Executing hook `AtVeryEndDocument' on input line 453.
Package atveryend Info: Executing hook `AtEndAfterFileList' on input line 453.
Package rerunfilecheck Info: File `main.out' has not changed.
(rerunfilecheck)             Checksum: BDE283CCFDF09F5D6C54B167D7F017FB;2572.


LaTeX Warning: There were undefined references.

Package atveryend Info: Empty hook `AtVeryVeryEnd' on input line 453.
 ) 
Here is how much of TeX's memory you used:
 22536 strings out of 492616
 450606 string characters out of 6129482
 554223 words of memory out of 5000000
 25866 multiletter control sequences out of 15000+600000
 65880 words of font info for 144 fonts, out of 8000000 for 9000
 1144 hyphenation exceptions out of 8191
 57i,13n,75p,2726b,906s stack positions out of 5000i,500n,10000p,200000b,80000s
{/usr/local/texlive/2019/texmf-dist/fonts/enc/dvips/base/8r.enc}</usr/local/t
exlive/2019/texmf-dist/fonts/type1/public/amsfonts/cm/cmbx7.pfb></usr/local/tex
live/2019/texmf-dist/fonts/type1/public/amsfonts/cm/cmbx8.pfb></usr/local/texli
ve/2019/texmf-dist/fonts/type1/public/amsfonts/cm/cmex10.pfb></usr/local/texliv
e/2019/texmf-dist/fonts/type1/public/amsfonts/cmextra/cmex8.pfb></usr/local/tex
live/2019/texmf-dist/fonts/type1/public/amsfonts/cm/cmmi10.pfb></usr/local/texl
ive/2019/texmf-dist/fonts/type1/public/amsfonts/cm/cmmi5.pfb></usr/local/texliv
e/2019/texmf-dist/fonts/type1/public/amsfonts/cm/cmmi6.pfb></usr/local/texlive/
2019/texmf-dist/fonts/type1/public/amsfonts/cm/cmmi7.pfb></usr/local/texlive/20
19/texmf-dist/fonts/type1/public/amsfonts/cm/cmmi8.pfb></usr/local/texlive/2019
/texmf-dist/fonts/type1/public/amsfonts/cm/cmmi9.pfb></usr/local/texlive/2019/t
exmf-dist/fonts/type1/public/amsfonts/cm/cmr10.pfb></usr/local/texlive/2019/tex
mf-dist/fonts/type1/public/amsfonts/cm/cmr5.pfb></usr/local/texlive/2019/texmf-
dist/fonts/type1/public/amsfonts/cm/cmr6.pfb></usr/local/texlive/2019/texmf-dis
t/fonts/type1/public/amsfonts/cm/cmr7.pfb></usr/local/texlive/2019/texmf-dist/f
onts/type1/public/amsfonts/cm/cmr8.pfb></usr/local/texlive/2019/texmf-dist/font
s/type1/public/amsfonts/cm/cmr9.pfb></usr/local/texlive/2019/texmf-dist/fonts/t
ype1/public/amsfonts/cm/cmss10.pfb></usr/local/texlive/2019/texmf-dist/fonts/ty
pe1/public/amsfonts/cm/cmss17.pfb></usr/local/texlive/2019/texmf-dist/fonts/typ
e1/public/amsfonts/cm/cmss8.pfb></usr/local/texlive/2019/texmf-dist/fonts/type1
/public/amsfonts/cm/cmss9.pfb></usr/local/texlive/2019/texmf-dist/fonts/type1/p
ublic/amsfonts/cm/cmsy10.pfb></usr/local/texlive/2019/texmf-dist/fonts/type1/pu
blic/amsfonts/cm/cmsy5.pfb></usr/local/texlive/2019/texmf-dist/fonts/type1/publ
ic/amsfonts/cm/cmsy6.pfb></usr/local/texlive/2019/texmf-dist/fonts/type1/public
/amsfonts/cm/cmsy7.pfb></usr/local/texlive/2019/texmf-dist/fonts/type1/public/a
msfonts/cm/cmsy8.pfb></usr/local/texlive/2019/texmf-dist/fonts/type1/public/ams
fonts/cm/cmti10.pfb></usr/local/texlive/2019/texmf-dist/fonts/type1/public/amsf
onts/symbols/msbm10.pfb></usr/local/texlive/2019/texmf-dist/fonts/type1/public/
amsfonts/symbols/msbm7.pfb></usr/local/texlive/2019/texmf-dist/fonts/type1/urw/
helvetic/uhvb8a.pfb></usr/local/texlive/2019/texmf-dist/fonts/type1/urw/helveti
c/uhvr8a.pfb></usr/local/texlive/2019/texmf-dist/fonts/type1/urw/times/utmb8a.p
fb></usr/local/texlive/2019/texmf-dist/fonts/type1/urw/times/utmbi8a.pfb></usr/
local/texlive/2019/texmf-dist/fonts/type1/urw/times/utmr8a.pfb></usr/local/texl
ive/2019/texmf-dist/fonts/type1/urw/times/utmri8a.pfb>
Output written on main.pdf (17 pages, 4237386 bytes).
PDF statistics:
 597 PDF objects out of 1000 (max. 8388607)
 479 compressed objects within 5 object streams
 82 named destinations out of 1000 (max. 500000)
 416 words of extra memory for PDF output out of 10000 (max. 10000000)

